<?xml version="1.0" encoding="UTF-8"?>
<!-- Generated by org.testng.reporters.JUnitXMLReporter -->
<testsuite hostname="DESKTOP-28SANPA" name="Test-Runner-Chrome" tests="1" failures="0" timestamp="6 Jan 2023 04:16:30 GMT" time="105.399" errors="0">
  <testcase name="createNewOrganizationWithIndustry" time="49.06" classname="vtiger.Organizations.TestsScripts.CreateNewOrganizationWithIndustryPom"/>
</testsuite> <!-- Test-Runner-Chrome -->
