<?xml version="1.0" encoding="UTF-8"?>
<!-- Generated by org.testng.reporters.JUnitXMLReporter -->
<testsuite hostname="DESKTOP-28SANPA" name="Test-Runner-1" tests="1" failures="0" timestamp="6 Jan 2023 03:55:53 GMT" time="139.054" errors="0">
  <testcase name="createNewOrganizationWithIndustry" time="38.348" classname="vtiger.Organizations.TestsScripts.CreateNewOrganizationWithIndustryPom"/>
</testsuite> <!-- Test-Runner-1 -->
