<?xml version="1.0" encoding="UTF-8"?>
<!-- Generated by org.testng.reporters.JUnitXMLReporter -->
<testsuite hostname="DESKTOP-28SANPA" name="Test-Runner-Firefox" tests="1" failures="0" timestamp="6 Jan 2023 04:17:02 GMT" time="137.864" errors="0">
  <testcase name="createNewOrganizationWithIndustry" time="12.294" classname="vtiger.Organizations.TestsScripts.CreateNewOrganizationWithIndustryPom"/>
</testsuite> <!-- Test-Runner-Firefox -->
