<?xml version="1.0" encoding="UTF-8"?>
<!-- Generated by org.testng.reporters.JUnitReportReporter -->
<testsuite hostname="DESKTOP-28SANPA" name="vtiger.Contacts.TestScripts.CreateContactWithOrganizationTest" tests="1" failures="0" timestamp="20 Jan 2023 10:53:10 GMT" time="291.386" errors="0">
  <testcase name="createContactWithOrganizations" time="291.386" classname="vtiger.Contacts.TestScripts.CreateContactWithOrganizationTest"/>
</testsuite> <!-- vtiger.Contacts.TestScripts.CreateContactWithOrganizationTest -->
