<?xml version="1.0" encoding="UTF-8"?>
<!-- Generated by org.testng.reporters.JUnitReportReporter -->
<testsuite hostname="DESKTOP-28SANPA" name="vtiger.Organizations.TestsScripts.CreateOrganizationWithDDT" tests="1" failures="0" timestamp="6 Jan 2023 07:02:33 GMT" time="18.916" errors="0">
  <testcase name="createOrgWithDDTTest" time="18.916" classname="vtiger.Organizations.TestsScripts.CreateOrganizationWithDDT"/>
</testsuite> <!-- vtiger.Organizations.TestsScripts.CreateOrganizationWithDDT -->
