<?xml version="1.0" encoding="UTF-8"?>
<!-- Generated by org.testng.reporters.JUnitReportReporter -->
<testsuite hostname="DESKTOP-28SANPA" name="practice.ReadDataFromComad" tests="1" failures="0" timestamp="13 Jan 2023 12:37:37 GMT" time="0.021" errors="0">
  <testcase name="readDataFromCommadprompt" time="0.021" classname="practice.ReadDataFromComad"/>
</testsuite> <!-- practice.ReadDataFromComad -->
