<?xml version="1.0" encoding="UTF-8"?>
<!-- Generated by org.testng.reporters.JUnitReportReporter -->
<testsuite hostname="DESKTOP-28SANPA" name="vtiger.Organizations.TestsScripts.CreateOrganizationWithDDTAndGU" tests="1" failures="0" timestamp="6 Jan 2023 06:51:03 GMT" time="20.604" errors="0">
  <testcase name="createOrganizationWithDDTAndGU" time="20.604" classname="vtiger.Organizations.TestsScripts.CreateOrganizationWithDDTAndGU"/>
</testsuite> <!-- vtiger.Organizations.TestsScripts.CreateOrganizationWithDDTAndGU -->
