<?xml version="1.0" encoding="UTF-8"?>
<!-- Generated by org.testng.reporters.JUnitReportReporter -->
<testsuite hostname="DESKTOP-28SANPA" name="vtiger.Organizations.TestsScripts.CreateOrganizationWithIndustry" tests="1" failures="0" timestamp="6 Jan 2023 06:46:53 GMT" time="19.545" errors="0">
  <testcase name="createOrganizationWithIndustry" time="19.545" classname="vtiger.Organizations.TestsScripts.CreateOrganizationWithIndustry"/>
</testsuite> <!-- vtiger.Organizations.TestsScripts.CreateOrganizationWithIndustry -->
