<?xml version="1.0" encoding="UTF-8"?>
<!-- Generated by org.testng.reporters.JUnitReportReporter -->
<testsuite hostname="DESKTOP-28SANPA" name="vtiger.Organizations.TestsScripts.CreateOrganisationWithType" tests="1" failures="0" timestamp="6 Jan 2023 07:05:06 GMT" time="15.180" errors="0">
  <testcase name="createOrganisationWithType" time="15.180" classname="vtiger.Organizations.TestsScripts.CreateOrganisationWithType"/>
</testsuite> <!-- vtiger.Organizations.TestsScripts.CreateOrganisationWithType -->
