<?xml version="1.0" encoding="UTF-8"?>
<!-- Generated by org.testng.reporters.JUnitReportReporter -->
<testsuite hostname="DESKTOP-28SANPA" name="practice.DataProvidePracties" tests="2" failures="0" timestamp="29 Dec 2022 06:55:56 GMT" time="0.016" errors="0">
  <testcase name="addProductToCart" time="0.000" classname="practice.DataProvidePracties"/>
  <testcase name="addProductToCart" time="0.016" classname="practice.DataProvidePracties"/>
</testsuite> <!-- practice.DataProvidePracties -->
